app/build/intermediates/manifest_merge_blame_file/debug/processDebugMainManifest/manifest-merger-blame-debug-report.txt
1<?xml version="1.0" encoding="utf-8"?>
2<manifest xmlns:android="http://schemas.android.com/apk/res/android"
3    package="com.example.finalyearproject"
4    android:versionCode="1"
5    android:versionName="1.0" >
6
7    <uses-sdk
8        android:minSdkVersion="24"
9        android:targetSdkVersion="36" />
10
11    <uses-permission android:name="android.permission.INTERNET" />
11-->src/main/AndroidManifest.xml:5:5-67
11-->src/main/AndroidManifest.xml:5:22-64
12    <uses-permission android:name="android.permission.ACCESS_FINE_LOCATION" />
12-->src/main/AndroidManifest.xml:6:5-79
12-->src/main/AndroidManifest.xml:6:22-76
13    <uses-permission android:name="android.permission.ACCESS_COARSE_LOCATION" />
13-->src/main/AndroidManifest.xml:7:5-81
13-->src/main/AndroidManifest.xml:7:22-78
14    <uses-permission android:name="android.permission.SEND_SMS" />
14-->src/main/AndroidManifest.xml:8:5-67
14-->src/main/AndroidManifest.xml:8:22-64
15    <uses-permission android:name="android.permission.ACCESS_NETWORK_STATE" />
15-->[com.google.firebase:firebase-auth:23.0.0] AndroidManifest.xml:26:5-79
15-->[com.google.firebase:firebase-auth:23.0.0] AndroidManifest.xml:26:22-76
16    <uses-permission android:name="com.google.android.providers.gsf.permission.READ_GSERVICES" />
16-->[com.google.android.recaptcha:recaptcha:18.4.0] AndroidManifest.xml:9:5-98
16-->[com.google.android.recaptcha:recaptcha:18.4.0] AndroidManifest.xml:9:22-95
17
18    <permission
18-->[androidx.core:core:1.13.1] AndroidManifest.xml:22:5-24:47
19        android:name="com.example.finalyearproject.DYNAMIC_RECEIVER_NOT_EXPORTED_PERMISSION"
19-->[androidx.core:core:1.13.1] AndroidManifest.xml:23:9-81
20        android:protectionLevel="signature" />
20-->[androidx.core:core:1.13.1] AndroidManifest.xml:24:9-44
21
22    <uses-permission android:name="com.example.finalyearproject.DYNAMIC_RECEIVER_NOT_EXPORTED_PERMISSION" />
22-->[androidx.core:core:1.13.1] AndroidManifest.xml:26:5-97
22-->[androidx.core:core:1.13.1] AndroidManifest.xml:26:22-94
23
24    <supports-screens
24-->[org.osmdroid:osmdroid-android:6.1.18] AndroidManifest.xml:9:5-12:40
25        android:anyDensity="true"
25-->[org.osmdroid:osmdroid-android:6.1.18] AndroidManifest.xml:10:9-34
26        android:largeScreens="true"
26-->[org.osmdroid:osmdroid-android:6.1.18] AndroidManifest.xml:11:9-36
27        android:normalScreens="true" />
27-->[org.osmdroid:osmdroid-android:6.1.18] AndroidManifest.xml:12:9-37
28
29    <uses-feature
29-->[org.osmdroid:osmdroid-android:6.1.18] AndroidManifest.xml:14:5-16:36
30        android:name="android.hardware.location.network"
30-->[org.osmdroid:osmdroid-android:6.1.18] AndroidManifest.xml:15:9-57
31        android:required="false" />
31-->[org.osmdroid:osmdroid-android:6.1.18] AndroidManifest.xml:16:9-33
32    <uses-feature
32-->[org.osmdroid:osmdroid-android:6.1.18] AndroidManifest.xml:17:5-19:36
33        android:name="android.hardware.location.gps"
33-->[org.osmdroid:osmdroid-android:6.1.18] AndroidManifest.xml:18:9-53
34        android:required="false" />
34-->[org.osmdroid:osmdroid-android:6.1.18] AndroidManifest.xml:19:9-33
35    <uses-feature
35-->[org.osmdroid:osmdroid-android:6.1.18] AndroidManifest.xml:20:5-22:36
36        android:name="android.hardware.telephony"
36-->[org.osmdroid:osmdroid-android:6.1.18] AndroidManifest.xml:21:9-50
37        android:required="false" />
37-->[org.osmdroid:osmdroid-android:6.1.18] AndroidManifest.xml:22:9-33
38    <uses-feature
38-->[org.osmdroid:osmdroid-android:6.1.18] AndroidManifest.xml:23:5-25:36
39        android:name="android.hardware.wifi"
39-->[org.osmdroid:osmdroid-android:6.1.18] AndroidManifest.xml:24:9-45
40        android:required="false" />
40-->[org.osmdroid:osmdroid-android:6.1.18] AndroidManifest.xml:25:9-33
41
42    <application
42-->src/main/AndroidManifest.xml:10:5-69:19
43        android:name="com.example.finalyearproject.MyApplication"
43-->src/main/AndroidManifest.xml:11:9-38
44        android:allowBackup="true"
44-->src/main/AndroidManifest.xml:12:9-35
45        android:appComponentFactory="androidx.core.app.CoreComponentFactory"
45-->[androidx.core:core:1.13.1] AndroidManifest.xml:28:18-86
46        android:dataExtractionRules="@xml/data_extraction_rules"
46-->src/main/AndroidManifest.xml:13:9-65
47        android:debuggable="true"
48        android:extractNativeLibs="false"
49        android:fullBackupContent="@xml/backup_rules"
49-->src/main/AndroidManifest.xml:14:9-54
50        android:icon="@mipmap/ic_launcher"
50-->src/main/AndroidManifest.xml:15:9-43
51        android:label="@string/app_name"
51-->src/main/AndroidManifest.xml:16:9-41
52        android:roundIcon="@mipmap/ic_launcher_round"
52-->src/main/AndroidManifest.xml:17:9-54
53        android:supportsRtl="true"
53-->src/main/AndroidManifest.xml:18:9-35
54        android:testOnly="true"
55        android:theme="@style/Theme.FinalYearProject" >
55-->src/main/AndroidManifest.xml:19:9-54
56        <activity
56-->src/main/AndroidManifest.xml:21:9-29:20
57            android:name="com.example.finalyearproject.LoginActivity"
57-->src/main/AndroidManifest.xml:22:13-42
58            android:exported="true" >
58-->src/main/AndroidManifest.xml:23:13-36
59            <intent-filter>
59-->src/main/AndroidManifest.xml:24:13-28:29
60                <action android:name="android.intent.action.MAIN" />
60-->src/main/AndroidManifest.xml:25:17-69
60-->src/main/AndroidManifest.xml:25:25-66
61
62                <category android:name="android.intent.category.LAUNCHER" />
62-->src/main/AndroidManifest.xml:27:17-77
62-->src/main/AndroidManifest.xml:27:27-74
63            </intent-filter>
64        </activity>
65        <activity
65-->src/main/AndroidManifest.xml:30:9-32:40
66            android:name="com.example.finalyearproject.MainActivity"
66-->src/main/AndroidManifest.xml:31:13-41
67            android:exported="false" />
67-->src/main/AndroidManifest.xml:32:13-37
68        <activity
68-->src/main/AndroidManifest.xml:33:9-35:40
69            android:name="com.example.finalyearproject.RegisterActivity"
69-->src/main/AndroidManifest.xml:34:13-45
70            android:exported="false" />
70-->src/main/AndroidManifest.xml:35:13-37
71        <activity
71-->src/main/AndroidManifest.xml:36:9-38:40
72            android:name="com.example.finalyearproject.EquipmentActivity"
72-->src/main/AndroidManifest.xml:37:13-46
73            android:exported="false" />
73-->src/main/AndroidManifest.xml:38:13-37
74        <activity
74-->src/main/AndroidManifest.xml:39:9-41:40
75            android:name="com.example.finalyearproject.ProfileActivity"
75-->src/main/AndroidManifest.xml:40:13-44
76            android:exported="false" />
76-->src/main/AndroidManifest.xml:41:13-37
77        <activity
77-->src/main/AndroidManifest.xml:42:9-44:40
78            android:name="com.example.finalyearproject.LocationsActivity"
78-->src/main/AndroidManifest.xml:43:13-46
79            android:exported="false" />
79-->src/main/AndroidManifest.xml:44:13-37
80        <activity
80-->src/main/AndroidManifest.xml:45:9-47:40
81            android:name="com.example.finalyearproject.AddWorkoutActivity"
81-->src/main/AndroidManifest.xml:46:13-47
82            android:exported="false" />
82-->src/main/AndroidManifest.xml:47:13-37
83        <activity
83-->src/main/AndroidManifest.xml:48:9-50:40
84            android:name="com.example.finalyearproject.EditWorkoutActivity"
84-->src/main/AndroidManifest.xml:49:13-48
85            android:exported="false" />
85-->src/main/AndroidManifest.xml:50:13-37
86        <activity
86-->src/main/AndroidManifest.xml:51:9-53:40
87            android:name="com.example.finalyearproject.CompletedWorkoutsActivity"
87-->src/main/AndroidManifest.xml:52:13-54
88            android:exported="false" />
88-->src/main/AndroidManifest.xml:53:13-37
89        <activity
89-->src/main/AndroidManifest.xml:54:9-56:40
90            android:name="com.example.finalyearproject.WorkoutDetailsActivity"
90-->src/main/AndroidManifest.xml:55:13-51
91            android:exported="false" />
91-->src/main/AndroidManifest.xml:56:13-37
92        <activity
92-->src/main/AndroidManifest.xml:57:9-59:40
93            android:name="com.example.finalyearproject.SettingsActivity"
93-->src/main/AndroidManifest.xml:58:13-45
94            android:exported="false" />
94-->src/main/AndroidManifest.xml:59:13-37
95        <activity
95-->src/main/AndroidManifest.xml:60:9-62:40
96            android:name="com.example.finalyearproject.HelpActivity"
96-->src/main/AndroidManifest.xml:61:13-41
97            android:exported="false" />
97-->src/main/AndroidManifest.xml:62:13-37
98        <activity
98-->src/main/AndroidManifest.xml:63:9-65:40
99            android:name="com.example.finalyearproject.MapPickerActivity"
99-->src/main/AndroidManifest.xml:64:13-46
100            android:exported="false" />
100-->src/main/AndroidManifest.xml:65:13-37
101        <activity
101-->src/main/AndroidManifest.xml:66:9-68:40
102            android:name="com.example.finalyearproject.MapDisplayActivity"
102-->src/main/AndroidManifest.xml:67:13-47
103            android:exported="false" />
103-->src/main/AndroidManifest.xml:68:13-37
104        <activity
104-->[com.google.firebase:firebase-auth:23.0.0] AndroidManifest.xml:29:9-46:20
105            android:name="com.google.firebase.auth.internal.GenericIdpActivity"
105-->[com.google.firebase:firebase-auth:23.0.0] AndroidManifest.xml:30:13-80
106            android:excludeFromRecents="true"
106-->[com.google.firebase:firebase-auth:23.0.0] AndroidManifest.xml:31:13-46
107            android:exported="true"
107-->[com.google.firebase:firebase-auth:23.0.0] AndroidManifest.xml:32:13-36
108            android:launchMode="singleTask"
108-->[com.google.firebase:firebase-auth:23.0.0] AndroidManifest.xml:33:13-44
109            android:theme="@android:style/Theme.Translucent.NoTitleBar" >
109-->[com.google.firebase:firebase-auth:23.0.0] AndroidManifest.xml:34:13-72
110            <intent-filter>
110-->[com.google.firebase:firebase-auth:23.0.0] AndroidManifest.xml:35:13-45:29
111                <action android:name="android.intent.action.VIEW" />
111-->[com.google.firebase:firebase-auth:23.0.0] AndroidManifest.xml:36:17-69
111-->[com.google.firebase:firebase-auth:23.0.0] AndroidManifest.xml:36:25-66
112
113                <category android:name="android.intent.category.DEFAULT" />
113-->[com.google.firebase:firebase-auth:23.0.0] AndroidManifest.xml:38:17-76
113-->[com.google.firebase:firebase-auth:23.0.0] AndroidManifest.xml:38:27-73
114                <category android:name="android.intent.category.BROWSABLE" />
114-->[com.google.firebase:firebase-auth:23.0.0] AndroidManifest.xml:39:17-78
114-->[com.google.firebase:firebase-auth:23.0.0] AndroidManifest.xml:39:27-75
115
116                <data
116-->[com.google.firebase:firebase-auth:23.0.0] AndroidManifest.xml:41:17-44:51
117                    android:host="firebase.auth"
117-->[com.google.firebase:firebase-auth:23.0.0] AndroidManifest.xml:42:21-49
118                    android:path="/"
118-->[com.google.firebase:firebase-auth:23.0.0] AndroidManifest.xml:43:21-37
119                    android:scheme="genericidp" />
119-->[com.google.firebase:firebase-auth:23.0.0] AndroidManifest.xml:44:21-48
120            </intent-filter>
121        </activity>
122        <activity
122-->[com.google.firebase:firebase-auth:23.0.0] AndroidManifest.xml:47:9-64:20
123            android:name="com.google.firebase.auth.internal.RecaptchaActivity"
123-->[com.google.firebase:firebase-auth:23.0.0] AndroidManifest.xml:48:13-79
124            android:excludeFromRecents="true"
124-->[com.google.firebase:firebase-auth:23.0.0] AndroidManifest.xml:49:13-46
125            android:exported="true"
125-->[com.google.firebase:firebase-auth:23.0.0] AndroidManifest.xml:50:13-36
126            android:launchMode="singleTask"
126-->[com.google.firebase:firebase-auth:23.0.0] AndroidManifest.xml:51:13-44
127            android:theme="@android:style/Theme.Translucent.NoTitleBar" >
127-->[com.google.firebase:firebase-auth:23.0.0] AndroidManifest.xml:52:13-72
128            <intent-filter>
128-->[com.google.firebase:firebase-auth:23.0.0] AndroidManifest.xml:53:13-63:29
129                <action android:name="android.intent.action.VIEW" />
129-->[com.google.firebase:firebase-auth:23.0.0] AndroidManifest.xml:36:17-69
129-->[com.google.firebase:firebase-auth:23.0.0] AndroidManifest.xml:36:25-66
130
131                <category android:name="android.intent.category.DEFAULT" />
131-->[com.google.firebase:firebase-auth:23.0.0] AndroidManifest.xml:38:17-76
131-->[com.google.firebase:firebase-auth:23.0.0] AndroidManifest.xml:38:27-73
132                <category android:name="android.intent.category.BROWSABLE" />
132-->[com.google.firebase:firebase-auth:23.0.0] AndroidManifest.xml:39:17-78
132-->[com.google.firebase:firebase-auth:23.0.0] AndroidManifest.xml:39:27-75
133
134                <data
134-->[com.google.firebase:firebase-auth:23.0.0] AndroidManifest.xml:41:17-44:51
135                    android:host="firebase.auth"
135-->[com.google.firebase:firebase-auth:23.0.0] AndroidManifest.xml:42:21-49
136                    android:path="/"
136-->[com.google.firebase:firebase-auth:23.0.0] AndroidManifest.xml:43:21-37
137                    android:scheme="recaptcha" />
137-->[com.google.firebase:firebase-auth:23.0.0] AndroidManifest.xml:44:21-48
138            </intent-filter>
139        </activity>
140
141        <service
141-->[com.google.firebase:firebase-auth:23.0.0] AndroidManifest.xml:66:9-72:19
142            android:name="com.google.firebase.components.ComponentDiscoveryService"
142-->[com.google.firebase:firebase-auth:23.0.0] AndroidManifest.xml:67:13-84
143            android:directBootAware="true"
143-->[com.google.firebase:firebase-common:21.0.0] AndroidManifest.xml:32:13-43
144            android:exported="false" >
144-->[com.google.firebase:firebase-auth:23.0.0] AndroidManifest.xml:68:13-37
145            <meta-data
145-->[com.google.firebase:firebase-auth:23.0.0] AndroidManifest.xml:69:13-71:85
146                android:name="com.google.firebase.components:com.google.firebase.auth.FirebaseAuthRegistrar"
146-->[com.google.firebase:firebase-auth:23.0.0] AndroidManifest.xml:70:17-109
147                android:value="com.google.firebase.components.ComponentRegistrar" />
147-->[com.google.firebase:firebase-auth:23.0.0] AndroidManifest.xml:71:17-82
148            <meta-data
148-->[com.google.firebase:firebase-appcheck-debug:18.0.0] AndroidManifest.xml:25:13-27:85
149                android:name="com.google.firebase.components:com.google.firebase.appcheck.debug.FirebaseAppCheckDebugRegistrar"
149-->[com.google.firebase:firebase-appcheck-debug:18.0.0] AndroidManifest.xml:26:17-128
150                android:value="com.google.firebase.components.ComponentRegistrar" />
150-->[com.google.firebase:firebase-appcheck-debug:18.0.0] AndroidManifest.xml:27:17-82
151            <meta-data
151-->[com.google.firebase:firebase-appcheck:18.0.0] AndroidManifest.xml:25:13-27:85
152                android:name="com.google.firebase.components:com.google.firebase.appcheck.FirebaseAppCheckKtxRegistrar"
152-->[com.google.firebase:firebase-appcheck:18.0.0] AndroidManifest.xml:26:17-120
153                android:value="com.google.firebase.components.ComponentRegistrar" />
153-->[com.google.firebase:firebase-appcheck:18.0.0] AndroidManifest.xml:27:17-82
154            <meta-data
154-->[com.google.firebase:firebase-appcheck:18.0.0] AndroidManifest.xml:28:13-30:85
155                android:name="com.google.firebase.components:com.google.firebase.appcheck.FirebaseAppCheckRegistrar"
155-->[com.google.firebase:firebase-appcheck:18.0.0] AndroidManifest.xml:29:17-117
156                android:value="com.google.firebase.components.ComponentRegistrar" />
156-->[com.google.firebase:firebase-appcheck:18.0.0] AndroidManifest.xml:30:17-82
157            <meta-data
157-->[com.google.firebase:firebase-common-ktx:21.0.0] AndroidManifest.xml:12:13-14:85
158                android:name="com.google.firebase.components:com.google.firebase.ktx.FirebaseCommonLegacyRegistrar"
158-->[com.google.firebase:firebase-common-ktx:21.0.0] AndroidManifest.xml:13:17-116
159                android:value="com.google.firebase.components.ComponentRegistrar" />
159-->[com.google.firebase:firebase-common-ktx:21.0.0] AndroidManifest.xml:14:17-82
160            <meta-data
160-->[com.google.firebase:firebase-common:21.0.0] AndroidManifest.xml:35:13-37:85
161                android:name="com.google.firebase.components:com.google.firebase.FirebaseCommonKtxRegistrar"
161-->[com.google.firebase:firebase-common:21.0.0] AndroidManifest.xml:36:17-109
162                android:value="com.google.firebase.components.ComponentRegistrar" />
162-->[com.google.firebase:firebase-common:21.0.0] AndroidManifest.xml:37:17-82
163        </service>
164        <service
164-->[androidx.credentials:credentials-play-services-auth:1.2.0-rc01] AndroidManifest.xml:24:9-32:19
165            android:name="androidx.credentials.playservices.CredentialProviderMetadataHolder"
165-->[androidx.credentials:credentials-play-services-auth:1.2.0-rc01] AndroidManifest.xml:25:13-94
166            android:enabled="true"
166-->[androidx.credentials:credentials-play-services-auth:1.2.0-rc01] AndroidManifest.xml:26:13-35
167            android:exported="false" >
167-->[androidx.credentials:credentials-play-services-auth:1.2.0-rc01] AndroidManifest.xml:27:13-37
168            <meta-data
168-->[androidx.credentials:credentials-play-services-auth:1.2.0-rc01] AndroidManifest.xml:29:13-31:104
169                android:name="androidx.credentials.CREDENTIAL_PROVIDER_KEY"
169-->[androidx.credentials:credentials-play-services-auth:1.2.0-rc01] AndroidManifest.xml:30:17-76
170                android:value="androidx.credentials.playservices.CredentialProviderPlayServicesImpl" />
170-->[androidx.credentials:credentials-play-services-auth:1.2.0-rc01] AndroidManifest.xml:31:17-101
171        </service>
172
173        <activity
173-->[androidx.credentials:credentials-play-services-auth:1.2.0-rc01] AndroidManifest.xml:34:9-41:20
174            android:name="androidx.credentials.playservices.HiddenActivity"
174-->[androidx.credentials:credentials-play-services-auth:1.2.0-rc01] AndroidManifest.xml:35:13-76
175            android:configChanges="orientation|screenSize|screenLayout|keyboardHidden"
175-->[androidx.credentials:credentials-play-services-auth:1.2.0-rc01] AndroidManifest.xml:36:13-87
176            android:enabled="true"
176-->[androidx.credentials:credentials-play-services-auth:1.2.0-rc01] AndroidManifest.xml:37:13-35
177            android:exported="false"
177-->[androidx.credentials:credentials-play-services-auth:1.2.0-rc01] AndroidManifest.xml:38:13-37
178            android:fitsSystemWindows="true"
178-->[androidx.credentials:credentials-play-services-auth:1.2.0-rc01] AndroidManifest.xml:39:13-45
179            android:theme="@style/Theme.Hidden" >
179-->[androidx.credentials:credentials-play-services-auth:1.2.0-rc01] AndroidManifest.xml:40:13-48
180        </activity>
181        <activity
181-->[com.google.android.gms:play-services-auth:20.7.0] AndroidManifest.xml:23:9-27:75
182            android:name="com.google.android.gms.auth.api.signin.internal.SignInHubActivity"
182-->[com.google.android.gms:play-services-auth:20.7.0] AndroidManifest.xml:24:13-93
183            android:excludeFromRecents="true"
183-->[com.google.android.gms:play-services-auth:20.7.0] AndroidManifest.xml:25:13-46
184            android:exported="false"
184-->[com.google.android.gms:play-services-auth:20.7.0] AndroidManifest.xml:26:13-37
185            android:theme="@android:style/Theme.Translucent.NoTitleBar" />
185-->[com.google.android.gms:play-services-auth:20.7.0] AndroidManifest.xml:27:13-72
186        <!--
187            Service handling Google Sign-In user revocation. For apps that do not integrate with
188            Google Sign-In, this service will never be started.
189        -->
190        <service
190-->[com.google.android.gms:play-services-auth:20.7.0] AndroidManifest.xml:33:9-37:51
191            android:name="com.google.android.gms.auth.api.signin.RevocationBoundService"
191-->[com.google.android.gms:play-services-auth:20.7.0] AndroidManifest.xml:34:13-89
192            android:exported="true"
192-->[com.google.android.gms:play-services-auth:20.7.0] AndroidManifest.xml:35:13-36
193            android:permission="com.google.android.gms.auth.api.signin.permission.REVOCATION_NOTIFICATION"
193-->[com.google.android.gms:play-services-auth:20.7.0] AndroidManifest.xml:36:13-107
194            android:visibleToInstantApps="true" />
194-->[com.google.android.gms:play-services-auth:20.7.0] AndroidManifest.xml:37:13-48
195
196        <provider
196-->[com.google.firebase:firebase-common:21.0.0] AndroidManifest.xml:23:9-28:39
197            android:name="com.google.firebase.provider.FirebaseInitProvider"
197-->[com.google.firebase:firebase-common:21.0.0] AndroidManifest.xml:24:13-77
198            android:authorities="com.example.finalyearproject.firebaseinitprovider"
198-->[com.google.firebase:firebase-common:21.0.0] AndroidManifest.xml:25:13-72
199            android:directBootAware="true"
199-->[com.google.firebase:firebase-common:21.0.0] AndroidManifest.xml:26:13-43
200            android:exported="false"
200-->[com.google.firebase:firebase-common:21.0.0] AndroidManifest.xml:27:13-37
201            android:initOrder="100" />
201-->[com.google.firebase:firebase-common:21.0.0] AndroidManifest.xml:28:13-36
202
203        <activity
203-->[com.google.android.gms:play-services-base:18.1.0] AndroidManifest.xml:20:9-22:45
204            android:name="com.google.android.gms.common.api.GoogleApiActivity"
204-->[com.google.android.gms:play-services-base:18.1.0] AndroidManifest.xml:20:19-85
205            android:exported="false"
205-->[com.google.android.gms:play-services-base:18.1.0] AndroidManifest.xml:22:19-43
206            android:theme="@android:style/Theme.Translucent.NoTitleBar" />
206-->[com.google.android.gms:play-services-base:18.1.0] AndroidManifest.xml:21:19-78
207
208        <provider
208-->[androidx.emoji2:emoji2:1.3.0] AndroidManifest.xml:24:9-32:20
209            android:name="androidx.startup.InitializationProvider"
209-->[androidx.emoji2:emoji2:1.3.0] AndroidManifest.xml:25:13-67
210            android:authorities="com.example.finalyearproject.androidx-startup"
210-->[androidx.emoji2:emoji2:1.3.0] AndroidManifest.xml:26:13-68
211            android:exported="false" >
211-->[androidx.emoji2:emoji2:1.3.0] AndroidManifest.xml:27:13-37
212            <meta-data
212-->[androidx.emoji2:emoji2:1.3.0] AndroidManifest.xml:29:13-31:52
213                android:name="androidx.emoji2.text.EmojiCompatInitializer"
213-->[androidx.emoji2:emoji2:1.3.0] AndroidManifest.xml:30:17-75
214                android:value="androidx.startup" />
214-->[androidx.emoji2:emoji2:1.3.0] AndroidManifest.xml:31:17-49
215            <meta-data
215-->[androidx.lifecycle:lifecycle-process:2.6.2] AndroidManifest.xml:29:13-31:52
216                android:name="androidx.lifecycle.ProcessLifecycleInitializer"
216-->[androidx.lifecycle:lifecycle-process:2.6.2] AndroidManifest.xml:30:17-78
217                android:value="androidx.startup" />
217-->[androidx.lifecycle:lifecycle-process:2.6.2] AndroidManifest.xml:31:17-49
218            <meta-data
218-->[androidx.profileinstaller:profileinstaller:1.3.1] AndroidManifest.xml:29:13-31:52
219                android:name="androidx.profileinstaller.ProfileInstallerInitializer"
219-->[androidx.profileinstaller:profileinstaller:1.3.1] AndroidManifest.xml:30:17-85
220                android:value="androidx.startup" />
220-->[androidx.profileinstaller:profileinstaller:1.3.1] AndroidManifest.xml:31:17-49
221        </provider>
222
223        <uses-library
223-->[androidx.window:window:1.0.0] AndroidManifest.xml:25:9-27:40
224            android:name="androidx.window.extensions"
224-->[androidx.window:window:1.0.0] AndroidManifest.xml:26:13-54
225            android:required="false" />
225-->[androidx.window:window:1.0.0] AndroidManifest.xml:27:13-37
226        <uses-library
226-->[androidx.window:window:1.0.0] AndroidManifest.xml:28:9-30:40
227            android:name="androidx.window.sidecar"
227-->[androidx.window:window:1.0.0] AndroidManifest.xml:29:13-51
228            android:required="false" />
228-->[androidx.window:window:1.0.0] AndroidManifest.xml:30:13-37
229
230        <meta-data
230-->[com.google.android.gms:play-services-basement:18.3.0] AndroidManifest.xml:21:9-23:69
231            android:name="com.google.android.gms.version"
231-->[com.google.android.gms:play-services-basement:18.3.0] AndroidManifest.xml:22:13-58
232            android:value="@integer/google_play_services_version" />
232-->[com.google.android.gms:play-services-basement:18.3.0] AndroidManifest.xml:23:13-66
233
234        <receiver
234-->[androidx.profileinstaller:profileinstaller:1.3.1] AndroidManifest.xml:34:9-52:20
235            android:name="androidx.profileinstaller.ProfileInstallReceiver"
235-->[androidx.profileinstaller:profileinstaller:1.3.1] AndroidManifest.xml:35:13-76
236            android:directBootAware="false"
236-->[androidx.profileinstaller:profileinstaller:1.3.1] AndroidManifest.xml:36:13-44
237            android:enabled="true"
237-->[androidx.profileinstaller:profileinstaller:1.3.1] AndroidManifest.xml:37:13-35
238            android:exported="true"
238-->[androidx.profileinstaller:profileinstaller:1.3.1] AndroidManifest.xml:38:13-36
239            android:permission="android.permission.DUMP" >
239-->[androidx.profileinstaller:profileinstaller:1.3.1] AndroidManifest.xml:39:13-57
240            <intent-filter>
240-->[androidx.profileinstaller:profileinstaller:1.3.1] AndroidManifest.xml:40:13-42:29
241                <action android:name="androidx.profileinstaller.action.INSTALL_PROFILE" />
241-->[androidx.profileinstaller:profileinstaller:1.3.1] AndroidManifest.xml:41:17-91
241-->[androidx.profileinstaller:profileinstaller:1.3.1] AndroidManifest.xml:41:25-88
242            </intent-filter>
243            <intent-filter>
243-->[androidx.profileinstaller:profileinstaller:1.3.1] AndroidManifest.xml:43:13-45:29
244                <action android:name="androidx.profileinstaller.action.SKIP_FILE" />
244-->[androidx.profileinstaller:profileinstaller:1.3.1] AndroidManifest.xml:44:17-85
244-->[androidx.profileinstaller:profileinstaller:1.3.1] AndroidManifest.xml:44:25-82
245            </intent-filter>
246            <intent-filter>
246-->[androidx.profileinstaller:profileinstaller:1.3.1] AndroidManifest.xml:46:13-48:29
247                <action android:name="androidx.profileinstaller.action.SAVE_PROFILE" />
247-->[androidx.profileinstaller:profileinstaller:1.3.1] AndroidManifest.xml:47:17-88
247-->[androidx.profileinstaller:profileinstaller:1.3.1] AndroidManifest.xml:47:25-85
248            </intent-filter>
249            <intent-filter>
249-->[androidx.profileinstaller:profileinstaller:1.3.1] AndroidManifest.xml:49:13-51:29
250                <action android:name="androidx.profileinstaller.action.BENCHMARK_OPERATION" />
250-->[androidx.profileinstaller:profileinstaller:1.3.1] AndroidManifest.xml:50:17-95
250-->[androidx.profileinstaller:profileinstaller:1.3.1] AndroidManifest.xml:50:25-92
251            </intent-filter>
252        </receiver>
253    </application>
254
255</manifest>